[2021-12-15 21:58:04.800088]:1番目の求人を正常に取得しました。
[2021-12-15 21:58:04.824614]:2番目の求人を正常に取得しました。
[2021-12-15 21:58:04.834992]:3番目の求人を正常に取得しました。
[2021-12-15 21:58:04.850618]:4番目の求人を正常に取得しました。
[2021-12-15 21:58:04.881863]:5番目の求人を正常に取得しました。
[2021-12-15 21:58:04.897556]:6番目の求人を正常に取得しました。
[2021-12-15 21:58:04.913109]:7番目の求人を正常に取得しました。
[2021-12-15 21:58:04.928732]:8番目の求人を正常に取得しました。
[2021-12-15 21:58:04.960265]:9番目の求人を正常に取得しました。
[2021-12-15 21:58:04.976555]:10番目の求人を正常に取得しました。
[2021-12-15 21:58:04.992184]:11番目の求人を正常に取得しました。
[2021-12-15 21:58:05.023429]:12番目の求人を正常に取得しました。
[2021-12-15 21:58:05.039052]:13番目の求人を正常に取得しました。
[2021-12-15 21:58:05.058630]:14番目の求人を正常に取得しました。
[2021-12-15 21:58:05.084830]:15番目の求人を正常に取得しました。
[2021-12-15 21:58:05.100460]:16番目の求人を正常に取得しました。
[2021-12-15 21:58:05.116082]:17番目の求人を正常に取得しました。
[2021-12-15 21:58:05.147331]:18番目の求人を正常に取得しました。
[2021-12-15 21:58:05.162963]:19番目の求人を正常に取得しました。
[2021-12-15 21:58:05.178831]:20番目の求人を正常に取得しました。
[2021-12-15 21:58:05.194525]:21番目の求人を正常に取得しました。
[2021-12-15 21:58:05.210148]:22番目の求人を正常に取得しました。
[2021-12-15 21:58:05.241482]:23番目の求人を正常に取得しました。
[2021-12-15 21:58:05.257177]:24番目の求人を正常に取得しました。
[2021-12-15 21:58:05.272729]:25番目の求人を正常に取得しました。
[2021-12-15 21:58:05.288353]:26番目の求人を正常に取得しました。
[2021-12-15 21:58:05.319668]:27番目の求人を正常に取得しました。
[2021-12-15 21:58:05.335223]:28番目の求人を正常に取得しました。
[2021-12-15 21:58:05.350846]:29番目の求人を正常に取得しました。
[2021-12-15 21:58:05.382162]:30番目の求人を正常に取得しました。
[2021-12-15 21:58:05.397715]:31番目の求人を正常に取得しました。
[2021-12-15 21:58:05.413349]:32番目の求人を正常に取得しました。
[2021-12-15 21:58:05.428965]:33番目の求人を正常に取得しました。
[2021-12-15 21:58:05.460210]:34番目の求人を正常に取得しました。
[2021-12-15 21:58:05.475833]:35番目の求人を正常に取得しました。
[2021-12-15 21:58:05.491457]:36番目の求人を正常に取得しました。
[2021-12-15 21:58:05.507079]:37番目の求人を正常に取得しました。
[2021-12-15 21:58:05.533970]:38番目の求人を正常に取得しました。
[2021-12-15 21:58:05.565387]:39番目の求人を正常に取得しました。
[2021-12-15 21:58:05.580938]:40番目の求人を正常に取得しました。
[2021-12-15 21:58:05.596570]:41番目の求人を正常に取得しました。
[2021-12-15 21:58:05.628071]:42番目の求人を正常に取得しました。
[2021-12-15 21:58:05.643694]:43番目の求人を正常に取得しました。
[2021-12-15 21:58:05.659317]:44番目の求人を正常に取得しました。
[2021-12-15 21:58:05.690776]:45番目の求人を正常に取得しました。
[2021-12-15 21:58:05.706513]:46番目の求人を正常に取得しました。
[2021-12-15 21:58:05.737762]:47番目の求人を正常に取得しました。
[2021-12-15 21:58:05.753383]:48番目の求人を正常に取得しました。
[2021-12-15 21:58:11.627115]:49番目の求人を正常に取得しました。
[2021-12-15 21:58:11.647011]:50番目の求人を正常に取得しました。
[2021-12-15 21:58:11.664720]:51番目の求人を正常に取得しました。
[2021-12-15 21:58:11.687760]:52番目の求人を正常に取得しました。
[2021-12-15 21:58:11.704774]:53番目の求人を正常に取得しました。
[2021-12-15 21:58:11.724835]:54番目の求人を正常に取得しました。
[2021-12-15 21:58:11.747907]:55番目の求人を正常に取得しました。
[2021-12-15 21:58:11.768126]:56番目の求人を正常に取得しました。
[2021-12-15 21:58:11.789952]:57番目の求人を正常に取得しました。
[2021-12-15 21:58:11.810157]:58番目の求人を正常に取得しました。
[2021-12-15 21:58:11.829205]:59番目の求人を正常に取得しました。
[2021-12-15 21:58:11.848043]:60番目の求人を正常に取得しました。
[2021-12-15 21:58:11.869169]:61番目の求人を正常に取得しました。
[2021-12-15 21:58:11.891248]:62番目の求人を正常に取得しました。
[2021-12-15 21:58:11.912480]:63番目の求人を正常に取得しました。
[2021-12-15 21:58:11.931380]:64番目の求人を正常に取得しました。
[2021-12-15 21:58:11.952866]:65番目の求人を正常に取得しました。
[2021-12-15 21:58:11.973335]:66番目の求人を正常に取得しました。
[2021-12-15 21:58:11.994216]:67番目の求人を正常に取得しました。
[2021-12-15 21:58:12.016262]:68番目の求人を正常に取得しました。
[2021-12-15 21:58:12.039877]:69番目の求人を正常に取得しました。
[2021-12-15 21:58:12.060801]:70番目の求人を正常に取得しました。
[2021-12-15 21:58:12.079807]:71番目の求人を正常に取得しました。
[2021-12-15 21:58:12.113693]:72番目の求人を正常に取得しました。
[2021-12-15 21:58:12.135403]:73番目の求人を正常に取得しました。
[2021-12-15 21:58:12.155215]:74番目の求人を正常に取得しました。
[2021-12-15 21:58:12.256600]:75番目の求人を正常に取得しました。
[2021-12-15 21:58:12.277068]:76番目の求人を正常に取得しました。
[2021-12-15 21:58:12.297131]:77番目の求人を正常に取得しました。
[2021-12-15 21:58:12.316688]:78番目の求人を正常に取得しました。
[2021-12-15 21:58:12.337975]:79番目の求人を正常に取得しました。
[2021-12-15 21:58:12.359088]:80番目の求人を正常に取得しました。
[2021-12-15 21:58:12.378373]:81番目の求人を正常に取得しました。
[2021-12-15 21:58:12.400055]:82番目の求人を正常に取得しました。
[2021-12-15 21:58:12.420570]:83番目の求人を正常に取得しました。
[2021-12-15 21:58:12.442408]:84番目の求人を正常に取得しました。
[2021-12-15 21:58:12.464086]:85番目の求人を正常に取得しました。
[2021-12-15 21:58:12.490214]:86番目の求人を正常に取得しました。
[2021-12-15 21:58:12.512076]:87番目の求人を正常に取得しました。
[2021-12-15 21:58:12.531946]:88番目の求人を正常に取得しました。
[2021-12-15 21:58:12.552615]:89番目の求人を正常に取得しました。
[2021-12-15 21:58:12.576921]:90番目の求人を正常に取得しました。
[2021-12-15 21:58:12.597120]:91番目の求人を正常に取得しました。
[2021-12-15 21:58:12.618551]:92番目の求人を正常に取得しました。
[2021-12-15 21:58:12.640029]:93番目の求人を正常に取得しました。
[2021-12-15 21:58:12.687893]:94番目の求人を正常に取得しました。
[2021-12-15 21:58:12.707774]:95番目の求人を正常に取得しました。
[2021-12-15 21:58:12.727409]:96番目の求人を正常に取得しました。
[2021-12-15 21:58:12.748584]:97番目の求人を正常に取得しました。
[2021-12-15 21:58:12.768900]:98番目の求人を正常に取得しました。
[2021-12-15 21:58:15.974475]；98番目の求人でエラーが発生しました。
Message: no such element: Unable to locate element: {"method":"css selector","selector":".pager__text"}
  (Session info: chrome=96.0.4664.93)
Stacktrace:
Backtrace:
	Ordinal0 [0x00E56903+2517251]
	Ordinal0 [0x00DEF8E1+2095329]
	Ordinal0 [0x00CF2848+1058888]
	Ordinal0 [0x00D1D448+1233992]
	Ordinal0 [0x00D1D63B+1234491]
	Ordinal0 [0x00D47812+1406994]
	Ordinal0 [0x00D3650A+1336586]
	Ordinal0 [0x00D45BBF+1399743]
	Ordinal0 [0x00D3639B+1336219]
	Ordinal0 [0x00D127A7+1189799]
	Ordinal0 [0x00D13609+1193481]
	GetHandleVerifier [0x00FE5904+1577972]
	GetHandleVerifier [0x01090B97+2279047]
	GetHandleVerifier [0x00EE6D09+534521]
	GetHandleVerifier [0x00EE5DB9+530601]
	Ordinal0 [0x00DF4FF9+2117625]
	Ordinal0 [0x00DF98A8+2136232]
	Ordinal0 [0x00DF99E2+2136546]
	Ordinal0 [0x00E03541+2176321]
	BaseThreadInitThunk [0x76126739+25]
	RtlGetFullPathName_UEx [0x779B8AFF+1215]
	RtlGetFullPathName_UEx [0x779B8ACD+1165]

[2021-12-15 21:58:16.466576]:99番目の求人を正常に取得しました。
[2021-12-15 21:58:16.484914]:100番目の求人を正常に取得しました。
[2021-12-15 21:58:16.504853]:101番目の求人を正常に取得しました。
[2021-12-15 21:58:16.523829]:102番目の求人を正常に取得しました。
[2021-12-15 21:58:16.544941]:103番目の求人を正常に取得しました。
[2021-12-15 21:58:16.566898]:104番目の求人を正常に取得しました。
[2021-12-15 21:58:16.589382]:105番目の求人を正常に取得しました。
[2021-12-15 21:58:16.608209]:106番目の求人を正常に取得しました。
[2021-12-15 21:58:16.626944]:107番目の求人を正常に取得しました。
[2021-12-15 21:58:16.646599]:108番目の求人を正常に取得しました。
[2021-12-15 21:58:16.665675]:109番目の求人を正常に取得しました。
[2021-12-15 21:58:16.685953]:110番目の求人を正常に取得しました。
[2021-12-15 21:58:16.706160]:111番目の求人を正常に取得しました。
[2021-12-15 21:58:16.725523]:112番目の求人を正常に取得しました。
[2021-12-15 21:58:16.743883]:113番目の求人を正常に取得しました。
[2021-12-15 21:58:16.765548]:114番目の求人を正常に取得しました。
[2021-12-15 21:58:16.784066]:115番目の求人を正常に取得しました。
[2021-12-15 21:58:16.804345]:116番目の求人を正常に取得しました。
[2021-12-15 21:58:18.499424]:117番目の求人を正常に取得しました。
[2021-12-15 21:58:18.606088]:118番目の求人を正常に取得しました。
[2021-12-15 21:58:18.631568]:119番目の求人を正常に取得しました。
[2021-12-15 21:58:18.650019]:120番目の求人を正常に取得しました。
[2021-12-15 21:58:18.669698]:121番目の求人を正常に取得しました。
[2021-12-15 21:58:18.693415]:122番目の求人を正常に取得しました。
[2021-12-15 21:58:18.714110]:123番目の求人を正常に取得しました。
[2021-12-15 21:58:18.734036]:124番目の求人を正常に取得しました。
[2021-12-15 21:58:18.759117]:125番目の求人を正常に取得しました。
[2021-12-15 21:58:18.782703]:126番目の求人を正常に取得しました。
[2021-12-15 21:58:18.801901]:127番目の求人を正常に取得しました。
[2021-12-15 21:58:18.821230]:128番目の求人を正常に取得しました。
[2021-12-15 21:58:18.842805]:129番目の求人を正常に取得しました。
[2021-12-15 21:58:18.864549]:130番目の求人を正常に取得しました。
[2021-12-15 21:58:18.888394]:131番目の求人を正常に取得しました。
[2021-12-15 21:58:18.909164]:132番目の求人を正常に取得しました。
[2021-12-15 21:58:18.930802]:133番目の求人を正常に取得しました。
[2021-12-15 21:58:18.953262]:134番目の求人を正常に取得しました。
[2021-12-15 21:58:18.976398]:135番目の求人を正常に取得しました。
[2021-12-15 21:58:18.998334]:136番目の求人を正常に取得しました。
[2021-12-15 21:58:19.021386]:137番目の求人を正常に取得しました。
[2021-12-15 21:58:19.044388]:138番目の求人を正常に取得しました。
[2021-12-15 21:58:19.065387]:139番目の求人を正常に取得しました。
[2021-12-15 21:58:19.092180]:140番目の求人を正常に取得しました。
[2021-12-15 21:58:19.121501]:141番目の求人を正常に取得しました。
[2021-12-15 21:58:19.144465]:142番目の求人を正常に取得しました。
[2021-12-15 21:58:19.166080]:143番目の求人を正常に取得しました。
[2021-12-15 21:58:19.188071]:144番目の求人を正常に取得しました。
[2021-12-15 21:58:19.280875]:145番目の求人を正常に取得しました。
[2021-12-15 21:58:19.304748]:146番目の求人を正常に取得しました。
[2021-12-15 21:58:19.317910]:147番目の求人を正常に取得しました。
[2021-12-15 21:58:19.348474]:148番目の求人を正常に取得しました。
[2021-12-15 21:58:24.925834]:149番目の求人を正常に取得しました。
[2021-12-15 21:58:24.948391]:150番目の求人を正常に取得しました。
[2021-12-15 21:58:24.970491]:151番目の求人を正常に取得しました。
[2021-12-15 21:58:24.993178]:152番目の求人を正常に取得しました。
[2021-12-15 21:58:25.021193]:153番目の求人を正常に取得しました。
[2021-12-15 21:58:25.040187]:154番目の求人を正常に取得しました。
[2021-12-15 21:58:25.063045]:155番目の求人を正常に取得しました。
[2021-12-15 21:58:25.084131]:156番目の求人を正常に取得しました。
[2021-12-15 21:58:25.105882]:157番目の求人を正常に取得しました。
[2021-12-15 21:58:25.126805]:158番目の求人を正常に取得しました。
[2021-12-15 21:58:25.147968]:159番目の求人を正常に取得しました。
[2021-12-15 21:58:25.167710]:160番目の求人を正常に取得しました。
[2021-12-15 21:58:25.188310]:161番目の求人を正常に取得しました。
[2021-12-15 21:58:25.209544]:162番目の求人を正常に取得しました。
[2021-12-15 21:58:25.232568]:163番目の求人を正常に取得しました。
[2021-12-15 21:58:25.254544]:164番目の求人を正常に取得しました。
[2021-12-15 21:58:25.277736]:165番目の求人を正常に取得しました。
[2021-12-15 21:58:25.301691]:166番目の求人を正常に取得しました。
[2021-12-15 21:58:25.327762]:167番目の求人を正常に取得しました。
[2021-12-15 21:58:25.352621]:168番目の求人を正常に取得しました。
[2021-12-15 21:58:25.373042]:169番目の求人を正常に取得しました。
[2021-12-15 21:58:25.405585]:170番目の求人を正常に取得しました。
[2021-12-15 21:58:25.428586]:171番目の求人を正常に取得しました。
[2021-12-15 21:58:25.450346]:172番目の求人を正常に取得しました。
[2021-12-15 21:58:25.551562]:173番目の求人を正常に取得しました。
[2021-12-15 21:58:25.573989]:174番目の求人を正常に取得しました。
[2021-12-15 21:58:25.595925]:175番目の求人を正常に取得しました。
[2021-12-15 21:58:25.620001]:176番目の求人を正常に取得しました。
[2021-12-15 21:58:25.640447]:177番目の求人を正常に取得しました。
[2021-12-15 21:58:25.660944]:178番目の求人を正常に取得しました。
[2021-12-15 21:58:25.676567]:179番目の求人を正常に取得しました。
[2021-12-15 21:58:25.692192]:180番目の求人を正常に取得しました。
[2021-12-15 21:58:25.724212]:181番目の求人を正常に取得しました。
[2021-12-15 21:58:25.740476]:182番目の求人を正常に取得しました。
[2021-12-15 21:58:25.771731]:183番目の求人を正常に取得しました。
[2021-12-15 21:58:25.801760]:184番目の求人を正常に取得しました。
[2021-12-15 21:58:25.818411]:185番目の求人を正常に取得しました。
[2021-12-15 21:58:25.849726]:186番目の求人を正常に取得しました。
[2021-12-15 21:58:25.865352]:187番目の求人を正常に取得しました。
[2021-12-15 21:58:25.896602]:188番目の求人を正常に取得しました。
[2021-12-15 21:58:25.910919]:189番目の求人を正常に取得しました。
[2021-12-15 21:58:25.942203]:190番目の求人を正常に取得しました。
[2021-12-15 21:58:25.957884]:191番目の求人を正常に取得しました。
[2021-12-15 21:58:25.989862]:192番目の求人を正常に取得しました。
[2021-12-15 21:58:26.005642]:193番目の求人を正常に取得しました。
[2021-12-15 21:58:26.036873]:194番目の求人を正常に取得しました。
[2021-12-15 21:58:26.068124]:195番目の求人を正常に取得しました。
[2021-12-15 21:58:26.084053]:196番目の求人を正常に取得しました。
[2021-12-15 21:58:26.116007]:197番目の求人を正常に取得しました。
[2021-12-15 21:58:26.131630]:198番目の求人を正常に取得しました。
[2021-12-15 21:58:32.133351]:199番目の求人を正常に取得しました。
[2021-12-15 21:58:32.166105]:200番目の求人を正常に取得しました。
[2021-12-15 21:58:32.184276]:201番目の求人を正常に取得しました。
[2021-12-15 21:58:32.202218]:202番目の求人を正常に取得しました。
[2021-12-15 21:58:32.220764]:203番目の求人を正常に取得しました。
[2021-12-15 21:58:32.240558]:204番目の求人を正常に取得しました。
[2021-12-15 21:58:32.264420]:205番目の求人を正常に取得しました。
[2021-12-15 21:58:32.285715]:206番目の求人を正常に取得しました。
[2021-12-15 21:58:32.306227]:207番目の求人を正常に取得しました。
[2021-12-15 21:58:32.327085]:208番目の求人を正常に取得しました。
[2021-12-15 21:58:32.350166]:209番目の求人を正常に取得しました。
[2021-12-15 21:58:32.373963]:210番目の求人を正常に取得しました。
[2021-12-15 21:58:32.396534]:211番目の求人を正常に取得しました。
[2021-12-15 21:58:32.420194]:212番目の求人を正常に取得しました。
[2021-12-15 21:58:32.442889]:213番目の求人を正常に取得しました。
[2021-12-15 21:58:32.463168]:214番目の求人を正常に取得しました。
[2021-12-15 21:58:32.489041]:215番目の求人を正常に取得しました。
[2021-12-15 21:58:32.510761]:216番目の求人を正常に取得しました。
[2021-12-15 21:58:32.532328]:217番目の求人を正常に取得しました。
[2021-12-15 21:58:32.552633]:218番目の求人を正常に取得しました。
[2021-12-15 21:58:32.574466]:219番目の求人を正常に取得しました。
[2021-12-15 21:58:32.601240]:220番目の求人を正常に取得しました。
[2021-12-15 21:58:32.628396]:221番目の求人を正常に取得しました。
[2021-12-15 21:58:32.651002]:222番目の求人を正常に取得しました。
[2021-12-15 21:58:32.672720]:223番目の求人を正常に取得しました。
[2021-12-15 21:58:32.763662]:224番目の求人を正常に取得しました。
[2021-12-15 21:58:32.783858]:225番目の求人を正常に取得しました。
[2021-12-15 21:58:32.801346]:226番目の求人を正常に取得しました。
[2021-12-15 21:58:32.828799]:227番目の求人を正常に取得しました。
[2021-12-15 21:58:32.850798]:228番目の求人を正常に取得しました。
[2021-12-15 21:58:32.872808]:229番目の求人を正常に取得しました。
[2021-12-15 21:58:32.880797]:230番目の求人を正常に取得しました。
[2021-12-15 21:58:32.912114]:231番目の求人を正常に取得しました。
[2021-12-15 21:58:32.927669]:232番目の求人を正常に取得しました。
[2021-12-15 21:58:32.958984]:233番目の求人を正常に取得しました。
[2021-12-15 21:58:32.981682]:234番目の求人を正常に取得しました。
[2021-12-15 21:58:33.001952]:235番目の求人を正常に取得しました。
[2021-12-15 21:58:33.017587]:236番目の求人を正常に取得しました。
[2021-12-15 21:58:33.048895]:237番目の求人を正常に取得しました。
[2021-12-15 21:58:33.065153]:238番目の求人を正常に取得しました。
[2021-12-15 21:58:33.085241]:239番目の求人を正常に取得しました。
[2021-12-15 21:58:33.116496]:240番目の求人を正常に取得しました。
[2021-12-15 21:58:33.142982]:241番目の求人を正常に取得しました。
[2021-12-15 21:58:33.163626]:242番目の求人を正常に取得しました。
[2021-12-15 21:58:33.187811]:243番目の求人を正常に取得しました。
[2021-12-15 21:58:33.203442]:244番目の求人を正常に取得しました。
[2021-12-15 21:58:33.219689]:245番目の求人を正常に取得しました。
[2021-12-15 21:58:33.250940]:246番目の求人を正常に取得しました。
[2021-12-15 21:58:33.266565]:247番目の求人を正常に取得しました。
[2021-12-15 21:58:33.282189]:248番目の求人を正常に取得しました。
[2021-12-15 21:58:37.045020]:249番目の求人を正常に取得しました。
[2021-12-15 21:58:37.067702]:250番目の求人を正常に取得しました。
[2021-12-15 21:58:38.696868]:251番目の求人を正常に取得しました。
[2021-12-15 21:58:38.787425]:252番目の求人を正常に取得しました。
[2021-12-15 21:58:38.807372]:253番目の求人を正常に取得しました。
[2021-12-15 21:58:38.936774]:254番目の求人を正常に取得しました。
[2021-12-15 21:58:38.958348]:255番目の求人を正常に取得しました。
[2021-12-15 21:58:38.981641]:256番目の求人を正常に取得しました。
[2021-12-15 21:58:39.004727]:257番目の求人を正常に取得しました。
[2021-12-15 21:58:39.025469]:258番目の求人を正常に取得しました。
[2021-12-15 21:58:39.045678]:259番目の求人を正常に取得しました。
[2021-12-15 21:58:39.068567]:260番目の求人を正常に取得しました。
[2021-12-15 21:58:39.089278]:261番目の求人を正常に取得しました。
[2021-12-15 21:58:39.112146]:262番目の求人を正常に取得しました。
[2021-12-15 21:58:39.136624]:263番目の求人を正常に取得しました。
[2021-12-15 21:58:39.160831]:264番目の求人を正常に取得しました。
[2021-12-15 21:58:39.183467]:265番目の求人を正常に取得しました。
[2021-12-15 21:58:39.205761]:266番目の求人を正常に取得しました。
[2021-12-15 21:58:39.218071]:267番目の求人を正常に取得しました。
[2021-12-15 21:58:39.249433]:268番目の求人を正常に取得しました。
[2021-12-15 21:58:39.280679]:269番目の求人を正常に取得しました。
[2021-12-15 21:58:39.296311]:270番目の求人を正常に取得しました。
[2021-12-15 21:58:39.327548]:271番目の求人を正常に取得しました。
[2021-12-15 21:58:39.341714]:272番目の求人を正常に取得しました。
[2021-12-15 21:58:39.373002]:273番目の求人を正常に取得しました。
[2021-12-15 21:58:39.394960]:274番目の求人を正常に取得しました。
[2021-12-15 21:58:39.416446]:275番目の求人を正常に取得しました。
[2021-12-15 21:58:39.433236]:276番目の求人を正常に取得しました。
[2021-12-15 21:58:39.464490]:277番目の求人を正常に取得しました。
[2021-12-15 21:58:39.480112]:278番目の求人を正常に取得しました。
[2021-12-15 21:58:39.511286]:279番目の求人を正常に取得しました。
[2021-12-15 21:58:39.541274]:280番目の求人を正常に取得しました。
[2021-12-15 21:58:39.564063]:281番目の求人を正常に取得しました。
[2021-12-15 21:58:39.583218]:282番目の求人を正常に取得しました。
[2021-12-15 21:58:39.598924]:283番目の求人を正常に取得しました。
[2021-12-15 21:58:39.630086]:284番目の求人を正常に取得しました。
[2021-12-15 21:58:39.645709]:285番目の求人を正常に取得しました。
[2021-12-15 21:58:39.676955]:286番目の求人を正常に取得しました。
[2021-12-15 21:58:39.690085]:287番目の求人を正常に取得しました。
[2021-12-15 21:58:39.721801]:288番目の求人を正常に取得しました。
[2021-12-15 21:58:39.737470]:289番目の求人を正常に取得しました。
[2021-12-15 21:58:39.769155]:290番目の求人を正常に取得しました。
[2021-12-15 21:58:39.784795]:291番目の求人を正常に取得しました。
[2021-12-15 21:58:39.800416]:292番目の求人を正常に取得しました。
[2021-12-15 21:58:39.831902]:293番目の求人を正常に取得しました。
[2021-12-15 21:58:39.863718]:294番目の求人を正常に取得しました。
[2021-12-15 21:58:39.879270]:295番目の求人を正常に取得しました。
[2021-12-15 21:58:39.910516]:296番目の求人を正常に取得しました。
[2021-12-15 21:58:39.941837]:297番目の求人を正常に取得しました。
[2021-12-15 21:58:39.957454]:298番目の求人を正常に取得しました。
[2021-12-15 21:58:43.586740]:299番目の求人を正常に取得しました。
[2021-12-15 21:58:43.605796]:300番目の求人を正常に取得しました。
[2021-12-15 21:58:43.623310]:301番目の求人を正常に取得しました。
[2021-12-15 21:58:43.645488]:302番目の求人を正常に取得しました。
[2021-12-15 21:58:43.669619]:303番目の求人を正常に取得しました。
[2021-12-15 21:58:43.687055]:304番目の求人を正常に取得しました。
[2021-12-15 21:58:43.709727]:305番目の求人を正常に取得しました。
[2021-12-15 21:58:43.733905]:306番目の求人を正常に取得しました。
[2021-12-15 21:58:43.885041]:307番目の求人を正常に取得しました。
[2021-12-15 21:58:45.439586]:308番目の求人を正常に取得しました。
[2021-12-15 21:58:45.503031]:309番目の求人を正常に取得しました。
[2021-12-15 21:58:45.637706]:310番目の求人を正常に取得しました。
[2021-12-15 21:58:45.650972]:311番目の求人を正常に取得しました。
[2021-12-15 21:58:45.682225]:312番目の求人を正常に取得しました。
[2021-12-15 21:58:45.697912]:313番目の求人を正常に取得しました。
[2021-12-15 21:58:45.726468]:314番目の求人を正常に取得しました。
[2021-12-15 21:58:45.742128]:315番目の求人を正常に取得しました。
[2021-12-15 21:58:45.757761]:316番目の求人を正常に取得しました。
[2021-12-15 21:58:45.793649]:317番目の求人を正常に取得しました。
[2021-12-15 21:58:45.814125]:318番目の求人を正常に取得しました。
[2021-12-15 21:58:45.836332]:319番目の求人を正常に取得しました。
[2021-12-15 21:58:45.859584]:320番目の求人を正常に取得しました。
[2021-12-15 21:58:45.879457]:321番目の求人を正常に取得しました。
[2021-12-15 21:58:45.902591]:322番目の求人を正常に取得しました。
[2021-12-15 21:58:45.927512]:323番目の求人を正常に取得しました。
[2021-12-15 21:58:45.948505]:324番目の求人を正常に取得しました。
[2021-12-15 21:58:45.971190]:325番目の求人を正常に取得しました。
[2021-12-15 21:58:45.990840]:326番目の求人を正常に取得しました。
[2021-12-15 21:58:46.011645]:327番目の求人を正常に取得しました。
[2021-12-15 21:58:46.032001]:328番目の求人を正常に取得しました。
[2021-12-15 21:58:46.055999]:329番目の求人を正常に取得しました。
[2021-12-15 21:58:46.079685]:330番目の求人を正常に取得しました。
[2021-12-15 21:58:46.087064]:331番目の求人を正常に取得しました。
[2021-12-15 21:58:46.109172]:332番目の求人を正常に取得しました。
[2021-12-15 21:58:46.140506]:333番目の求人を正常に取得しました。
[2021-12-15 21:58:46.172270]:334番目の求人を正常に取得しました。
[2021-12-15 21:58:46.188862]:335番目の求人を正常に取得しました。
[2021-12-15 21:58:46.220699]:336番目の求人を正常に取得しました。
[2021-12-15 21:58:46.234235]:337番目の求人を正常に取得しました。
[2021-12-15 21:58:46.261439]:338番目の求人を正常に取得しました。
[2021-12-15 21:58:46.277364]:339番目の求人を正常に取得しました。
[2021-12-15 21:58:46.293064]:340番目の求人を正常に取得しました。
[2021-12-15 21:58:46.324303]:341番目の求人を正常に取得しました。
[2021-12-15 21:58:46.339938]:342番目の求人を正常に取得しました。
[2021-12-15 21:58:46.371180]:343番目の求人を正常に取得しました。
[2021-12-15 21:58:46.386737]:344番目の求人を正常に取得しました。
[2021-12-15 21:58:46.402350]:345番目の求人を正常に取得しました。
[2021-12-15 21:58:46.434337]:346番目の求人を正常に取得しました。
[2021-12-15 21:58:46.465577]:347番目の求人を正常に取得しました。
[2021-12-15 21:58:46.481205]:348番目の求人を正常に取得しました。
[2021-12-15 21:58:50.263265]:349番目の求人を正常に取得しました。
[2021-12-15 21:58:50.290155]:350番目の求人を正常に取得しました。
[2021-12-15 21:58:50.312700]:351番目の求人を正常に取得しました。
[2021-12-15 21:58:50.336545]:352番目の求人を正常に取得しました。
[2021-12-15 21:58:50.357943]:353番目の求人を正常に取得しました。
[2021-12-15 21:58:50.383408]:354番目の求人を正常に取得しました。
[2021-12-15 21:58:50.401369]:355番目の求人を正常に取得しました。
[2021-12-15 21:58:51.981935]:356番目の求人を正常に取得しました。
[2021-12-15 21:58:52.009951]:357番目の求人を正常に取得しました。
[2021-12-15 21:58:52.145274]:358番目の求人を正常に取得しました。
[2021-12-15 21:58:52.166267]:359番目の求人を正常に取得しました。
[2021-12-15 21:58:52.188026]:360番目の求人を正常に取得しました。
[2021-12-15 21:58:52.208728]:361番目の求人を正常に取得しました。
[2021-12-15 21:58:52.230656]:362番目の求人を正常に取得しました。
[2021-12-15 21:58:52.255654]:363番目の求人を正常に取得しました。
[2021-12-15 21:58:52.281184]:364番目の求人を正常に取得しました。
[2021-12-15 21:58:52.302611]:365番目の求人を正常に取得しました。
[2021-12-15 21:58:52.322896]:366番目の求人を正常に取得しました。
[2021-12-15 21:58:52.345236]:367番目の求人を正常に取得しました。
[2021-12-15 21:58:52.364927]:368番目の求人を正常に取得しました。
[2021-12-15 21:58:52.384181]:369番目の求人を正常に取得しました。
[2021-12-15 21:58:52.399879]:370番目の求人を正常に取得しました。
[2021-12-15 21:58:52.415429]:371番目の求人を正常に取得しました。
[2021-12-15 21:58:52.446750]:372番目の求人を正常に取得しました。
[2021-12-15 21:58:52.462300]:373番目の求人を正常に取得しました。
[2021-12-15 21:58:52.493546]:374番目の求人を正常に取得しました。
[2021-12-15 21:58:52.524861]:375番目の求人を正常に取得しました。
[2021-12-15 21:58:52.550683]:376番目の求人を正常に取得しました。
[2021-12-15 21:58:52.576772]:377番目の求人を正常に取得しました。
[2021-12-15 21:58:52.600957]:378番目の求人を正常に取得しました。
[2021-12-15 21:58:52.616509]:379番目の求人を正常に取得しました。
[2021-12-15 21:58:52.647755]:380番目の求人を正常に取得しました。
[2021-12-15 21:58:52.679078]:381番目の求人を正常に取得しました。
[2021-12-15 21:58:52.694625]:382番目の求人を正常に取得しました。
[2021-12-15 21:58:52.725948]:383番目の求人を正常に取得しました。
[2021-12-15 21:58:52.744522]:384番目の求人を正常に取得しました。
[2021-12-15 21:58:52.775818]:385番目の求人を正常に取得しました。
[2021-12-15 21:58:52.791510]:386番目の求人を正常に取得しました。
[2021-12-15 21:58:52.823344]:387番目の求人を正常に取得しました。
[2021-12-15 21:58:52.838978]:388番目の求人を正常に取得しました。
[2021-12-15 21:58:52.868196]:389番目の求人を正常に取得しました。
[2021-12-15 21:58:52.884064]:390番目の求人を正常に取得しました。
[2021-12-15 21:58:52.899765]:391番目の求人を正常に取得しました。
[2021-12-15 21:58:52.915311]:392番目の求人を正常に取得しました。
[2021-12-15 21:58:52.946558]:393番目の求人を正常に取得しました。
[2021-12-15 21:58:52.962184]:394番目の求人を正常に取得しました。
[2021-12-15 21:58:52.993429]:395番目の求人を正常に取得しました。
[2021-12-15 21:58:53.009052]:396番目の求人を正常に取得しました。
[2021-12-15 21:58:53.024674]:397番目の求人を正常に取得しました。
[2021-12-15 21:58:53.055924]:398番目の求人を正常に取得しました。
[2021-12-15 21:58:56.611298]:399番目の求人を正常に取得しました。
[2021-12-15 21:58:56.632828]:400番目の求人を正常に取得しました。
[2021-12-15 21:58:56.654667]:401番目の求人を正常に取得しました。
[2021-12-15 21:58:56.673661]:402番目の求人を正常に取得しました。
[2021-12-15 21:58:56.691709]:403番目の求人を正常に取得しました。
[2021-12-15 21:58:56.712036]:404番目の求人を正常に取得しました。
[2021-12-15 21:58:56.730481]:405番目の求人を正常に取得しました。
[2021-12-15 21:58:58.374426]:406番目の求人を正常に取得しました。
[2021-12-15 21:58:58.461199]:407番目の求人を正常に取得しました。
[2021-12-15 21:58:58.483416]:408番目の求人を正常に取得しました。
[2021-12-15 21:58:58.555319]:409番目の求人を正常に取得しました。
[2021-12-15 21:58:58.574817]:410番目の求人を正常に取得しました。
[2021-12-15 21:58:58.594300]:411番目の求人を正常に取得しました。
[2021-12-15 21:58:58.616548]:412番目の求人を正常に取得しました。
[2021-12-15 21:58:58.636873]:413番目の求人を正常に取得しました。
[2021-12-15 21:58:58.655817]:414番目の求人を正常に取得しました。
[2021-12-15 21:58:58.677170]:415番目の求人を正常に取得しました。
[2021-12-15 21:58:58.697399]:416番目の求人を正常に取得しました。
[2021-12-15 21:58:58.716475]:417番目の求人を正常に取得しました。
[2021-12-15 21:58:58.736968]:418番目の求人を正常に取得しました。
[2021-12-15 21:58:58.756355]:419番目の求人を正常に取得しました。
[2021-12-15 21:58:58.776642]:420番目の求人を正常に取得しました。
[2021-12-15 21:58:58.798976]:421番目の求人を正常に取得しました。
[2021-12-15 21:58:58.822333]:422番目の求人を正常に取得しました。
[2021-12-15 21:58:58.844421]:423番目の求人を正常に取得しました。
[2021-12-15 21:58:58.866535]:424番目の求人を正常に取得しました。
[2021-12-15 21:58:58.888908]:425番目の求人を正常に取得しました。
[2021-12-15 21:58:58.910488]:426番目の求人を正常に取得しました。
[2021-12-15 21:58:58.929700]:427番目の求人を正常に取得しました。
[2021-12-15 21:58:58.950850]:428番目の求人を正常に取得しました。
[2021-12-15 21:58:59.019341]:429番目の求人を正常に取得しました。
[2021-12-15 21:58:59.033938]:430番目の求人を正常に取得しました。
[2021-12-15 21:58:59.065299]:431番目の求人を正常に取得しました。
[2021-12-15 21:58:59.080910]:432番目の求人を正常に取得しました。
[2021-12-15 21:58:59.096500]:433番目の求人を正常に取得しました。
[2021-12-15 21:58:59.112097]:434番目の求人を正常に取得しました。
[2021-12-15 21:58:59.147805]:435番目の求人を正常に取得しました。
[2021-12-15 21:58:59.173229]:436番目の求人を正常に取得しました。
[2021-12-15 21:58:59.194477]:437番目の求人を正常に取得しました。
[2021-12-15 21:58:59.216448]:438番目の求人を正常に取得しました。
[2021-12-15 21:58:59.233893]:439番目の求人を正常に取得しました。
[2021-12-15 21:58:59.249587]:440番目の求人を正常に取得しました。
[2021-12-15 21:58:59.280764]:441番目の求人を正常に取得しました。
[2021-12-15 21:58:59.297493]:442番目の求人を正常に取得しました。
[2021-12-15 21:58:59.328756]:443番目の求人を正常に取得しました。
[2021-12-15 21:58:59.344416]:444番目の求人を正常に取得しました。
[2021-12-15 21:58:59.375629]:445番目の求人を正常に取得しました。
[2021-12-15 21:58:59.391434]:446番目の求人を正常に取得しました。
[2021-12-15 21:58:59.422784]:447番目の求人を正常に取得しました。
[2021-12-15 21:58:59.443507]:448番目の求人を正常に取得しました。
[2021-12-15 21:59:02.904970]:449番目の求人を正常に取得しました。
[2021-12-15 21:59:02.924569]:450番目の求人を正常に取得しました。
[2021-12-15 21:59:02.943214]:451番目の求人を正常に取得しました。
[2021-12-15 21:59:02.960707]:452番目の求人を正常に取得しました。
[2021-12-15 21:59:02.980941]:453番目の求人を正常に取得しました。
[2021-12-15 21:59:03.004442]:454番目の求人を正常に取得しました。
[2021-12-15 21:59:03.025317]:455番目の求人を正常に取得しました。
[2021-12-15 21:59:03.044841]:456番目の求人を正常に取得しました。
[2021-12-15 21:59:03.065464]:457番目の求人を正常に取得しました。
[2021-12-15 21:59:04.265936]:458番目の求人を正常に取得しました。
[2021-12-15 21:59:04.771331]:459番目の求人を正常に取得しました。
[2021-12-15 21:59:04.793593]:460番目の求人を正常に取得しました。
[2021-12-15 21:59:04.816530]:461番目の求人を正常に取得しました。
[2021-12-15 21:59:04.937860]:462番目の求人を正常に取得しました。
[2021-12-15 21:59:04.961521]:463番目の求人を正常に取得しました。
[2021-12-15 21:59:04.967874]:464番目の求人を正常に取得しました。
[2021-12-15 21:59:04.983498]:465番目の求人を正常に取得しました。
[2021-12-15 21:59:05.015005]:466番目の求人を正常に取得しました。
[2021-12-15 21:59:05.030629]:467番目の求人を正常に取得しました。
[2021-12-15 21:59:05.061943]:468番目の求人を正常に取得しました。
[2021-12-15 21:59:05.077509]:469番目の求人を正常に取得しました。
[2021-12-15 21:59:05.109412]:470番目の求人を正常に取得しました。
[2021-12-15 21:59:05.132386]:471番目の求人を正常に取得しました。
[2021-12-15 21:59:05.150083]:472番目の求人を正常に取得しました。
[2021-12-15 21:59:05.165697]:473番目の求人を正常に取得しました。
[2021-12-15 21:59:05.196944]:474番目の求人を正常に取得しました。
[2021-12-15 21:59:05.223252]:475番目の求人を正常に取得しました。
[2021-12-15 21:59:05.239143]:476番目の求人を正常に取得しました。
[2021-12-15 21:59:05.254832]:477番目の求人を正常に取得しました。
[2021-12-15 21:59:05.286099]:478番目の求人を正常に取得しました。
[2021-12-15 21:59:05.301665]:479番目の求人を正常に取得しました。
[2021-12-15 21:59:05.317277]:480番目の求人を正常に取得しました。
[2021-12-15 21:59:05.349435]:481番目の求人を正常に取得しました。
[2021-12-15 21:59:05.365468]:482番目の求人を正常に取得しました。
[2021-12-15 21:59:05.396782]:483番目の求人を正常に取得しました。
[2021-12-15 21:59:05.412415]:484番目の求人を正常に取得しました。
[2021-12-15 21:59:05.443873]:485番目の求人を正常に取得しました。
[2021-12-15 21:59:05.468328]:486番目の求人を正常に取得しました。
[2021-12-15 21:59:05.483955]:487番目の求人を正常に取得しました。
[2021-12-15 21:59:05.499579]:488番目の求人を正常に取得しました。
[2021-12-15 21:59:05.532751]:489番目の求人を正常に取得しました。
[2021-12-15 21:59:05.551446]:490番目の求人を正常に取得しました。
[2021-12-15 21:59:05.568074]:491番目の求人を正常に取得しました。
[2021-12-15 21:59:05.583780]:492番目の求人を正常に取得しました。
[2021-12-15 21:59:05.614959]:493番目の求人を正常に取得しました。
[2021-12-15 21:59:05.630592]:494番目の求人を正常に取得しました。
[2021-12-15 21:59:05.646206]:495番目の求人を正常に取得しました。
[2021-12-15 21:59:05.677522]:496番目の求人を正常に取得しました。
[2021-12-15 21:59:05.693086]:497番目の求人を正常に取得しました。
[2021-12-15 21:59:05.716170]:498番目の求人を正常に取得しました。
[2021-12-15 21:59:10.884525]:499番目の求人を正常に取得しました。
[2021-12-15 21:59:10.909448]:500番目の求人を正常に取得しました。
[2021-12-15 21:59:10.930884]:501番目の求人を正常に取得しました。
[2021-12-15 21:59:10.951403]:502番目の求人を正常に取得しました。
[2021-12-15 21:59:10.970228]:503番目の求人を正常に取得しました。
[2021-12-15 21:59:10.989765]:504番目の求人を正常に取得しました。
[2021-12-15 21:59:11.011111]:505番目の求人を正常に取得しました。
[2021-12-15 21:59:11.030444]:506番目の求人を正常に取得しました。
[2021-12-15 21:59:11.049613]:507番目の求人を正常に取得しました。
[2021-12-15 21:59:11.073365]:508番目の求人を正常に取得しました。
[2021-12-15 21:59:11.093597]:509番目の求人を正常に取得しました。
[2021-12-15 21:59:11.115652]:510番目の求人を正常に取得しました。
[2021-12-15 21:59:11.137125]:511番目の求人を正常に取得しました。
[2021-12-15 21:59:11.158201]:512番目の求人を正常に取得しました。
[2021-12-15 21:59:11.177897]:513番目の求人を正常に取得しました。
[2021-12-15 21:59:11.198107]:514番目の求人を正常に取得しました。
[2021-12-15 21:59:11.221280]:515番目の求人を正常に取得しました。
[2021-12-15 21:59:11.242082]:516番目の求人を正常に取得しました。
[2021-12-15 21:59:11.261705]:517番目の求人を正常に取得しました。
[2021-12-15 21:59:11.280347]:518番目の求人を正常に取得しました。
[2021-12-15 21:59:11.304390]:519番目の求人を正常に取得しました。
[2021-12-15 21:59:11.328110]:520番目の求人を正常に取得しました。
[2021-12-15 21:59:11.353255]:521番目の求人を正常に取得しました。
[2021-12-15 21:59:11.383071]:522番目の求人を正常に取得しました。
[2021-12-15 21:59:11.406515]:523番目の求人を正常に取得しました。
[2021-12-15 21:59:11.428271]:524番目の求人を正常に取得しました。
[2021-12-15 21:59:11.503800]:525番目の求人を正常に取得しました。
[2021-12-15 21:59:11.525057]:526番目の求人を正常に取得しました。
[2021-12-15 21:59:11.546724]:527番目の求人を正常に取得しました。
[2021-12-15 21:59:11.566207]:528番目の求人を正常に取得しました。
[2021-12-15 21:59:11.586705]:529番目の求人を正常に取得しました。
[2021-12-15 21:59:11.606625]:530番目の求人を正常に取得しました。
[2021-12-15 21:59:11.627071]:531番目の求人を正常に取得しました。
[2021-12-15 21:59:11.648061]:532番目の求人を正常に取得しました。
[2021-12-15 21:59:11.670009]:533番目の求人を正常に取得しました。
[2021-12-15 21:59:11.691089]:534番目の求人を正常に取得しました。
[2021-12-15 21:59:11.713008]:535番目の求人を正常に取得しました。
[2021-12-15 21:59:11.717961]:536番目の求人を正常に取得しました。
[2021-12-15 21:59:11.749276]:537番目の求人を正常に取得しました。
[2021-12-15 21:59:11.780455]:538番目の求人を正常に取得しました。
[2021-12-15 21:59:11.796255]:539番目の求人を正常に取得しました。
[2021-12-15 21:59:11.827568]:540番目の求人を正常に取得しました。
[2021-12-15 21:59:11.843182]:541番目の求人を正常に取得しました。
[2021-12-15 21:59:11.876670]:542番目の求人を正常に取得しました。
[2021-12-15 21:59:11.896257]:543番目の求人を正常に取得しました。
[2021-12-15 21:59:11.916923]:544番目の求人を正常に取得しました。
[2021-12-15 21:59:11.932768]:545番目の求人を正常に取得しました。
[2021-12-15 21:59:11.948380]:546番目の求人を正常に取得しました。
[2021-12-15 21:59:11.964014]:547番目の求人を正常に取得しました。
[2021-12-15 21:59:11.995434]:548番目の求人を正常に取得しました。
[2021-12-15 21:59:14.348216]:549番目の求人を正常に取得しました。
[2021-12-15 21:59:14.368129]:550番目の求人を正常に取得しました。
[2021-12-15 21:59:14.394625]:551番目の求人を正常に取得しました。
[2021-12-15 21:59:14.416783]:552番目の求人を正常に取得しました。
[2021-12-15 21:59:14.435824]:553番目の求人を正常に取得しました。
[2021-12-15 21:59:14.455121]:554番目の求人を正常に取得しました。
[2021-12-15 21:59:14.476502]:555番目の求人を正常に取得しました。
[2021-12-15 21:59:14.496302]:556番目の求人を正常に取得しました。
[2021-12-15 21:59:14.949996]:557番目の求人を正常に取得しました。
[2021-12-15 21:59:15.666134]:558番目の求人を正常に取得しました。
[2021-12-15 21:59:15.717297]:559番目の求人を正常に取得しました。
[2021-12-15 21:59:15.744542]:560番目の求人を正常に取得しました。
[2021-12-15 21:59:15.792792]:561番目の求人を正常に取得しました。
[2021-12-15 21:59:15.814893]:562番目の求人を正常に取得しました。
[2021-12-15 21:59:15.834292]:563番目の求人を正常に取得しました。
[2021-12-15 21:59:15.855200]:564番目の求人を正常に取得しました。
[2021-12-15 21:59:15.874804]:565番目の求人を正常に取得しました。
[2021-12-15 21:59:15.895913]:566番目の求人を正常に取得しました。
[2021-12-15 21:59:15.912646]:567番目の求人を正常に取得しました。
[2021-12-15 21:59:15.933580]:568番目の求人を正常に取得しました。
[2021-12-15 21:59:15.949218]:569番目の求人を正常に取得しました。
[2021-12-15 21:59:15.975588]:570番目の求人を正常に取得しました。
[2021-12-15 21:59:15.996701]:571番目の求人を正常に取得しました。
[2021-12-15 21:59:16.016077]:572番目の求人を正常に取得しました。
[2021-12-15 21:59:16.031789]:573番目の求人を正常に取得しました。
[2021-12-16 23:40:35.061117]:1番目の求人を正常に取得しました。
[2021-12-16 23:40:35.083357]:2番目の求人を正常に取得しました。
[2021-12-16 23:40:35.095830]:3番目の求人を正常に取得しました。
[2021-12-16 23:40:35.124282]:4番目の求人を正常に取得しました。
[2021-12-16 23:40:35.145078]:5番目の求人を正常に取得しました。
[2021-12-16 23:40:35.160761]:6番目の求人を正常に取得しました。
[2021-12-16 23:40:35.176395]:7番目の求人を正常に取得しました。
[2021-12-16 23:40:35.191949]:8番目の求人を正常に取得しました。
[2021-12-16 23:40:35.223195]:9番目の求人を正常に取得しました。
[2021-12-16 23:40:35.238810]:10番目の求人を正常に取得しました。
[2021-12-16 23:40:35.254514]:11番目の求人を正常に取得しました。
[2021-12-16 23:40:35.266648]:12番目の求人を正常に取得しました。
[2021-12-16 23:40:35.297917]:13番目の求人を正常に取得しました。
[2021-12-16 23:40:35.313551]:14番目の求人を正常に取得しました。
[2021-12-16 23:40:35.334683]:15番目の求人を正常に取得しました。
[2021-12-16 23:40:35.350312]:16番目の求人を正常に取得しました。
[2021-12-16 23:40:35.365999]:17番目の求人を正常に取得しました。
[2021-12-16 23:40:35.397249]:18番目の求人を正常に取得しました。
[2021-12-16 23:40:35.412869]:19番目の求人を正常に取得しました。
[2021-12-16 23:40:35.428496]:20番目の求人を正常に取得しました。
[2021-12-16 23:40:35.459671]:21番目の求人を正常に取得しました。
[2021-12-16 23:40:35.475364]:22番目の求人を正常に取得しました。
[2021-12-16 23:40:35.495137]:23番目の求人を正常に取得しました。
[2021-12-16 23:40:35.510885]:24番目の求人を正常に取得しました。
[2021-12-16 23:40:35.542130]:25番目の求人を正常に取得しました。
[2021-12-16 23:40:35.557720]:26番目の求人を正常に取得しました。
[2021-12-16 23:40:35.588999]:27番目の求人を正常に取得しました。
[2021-12-16 23:40:35.604623]:28番目の求人を正常に取得しました。
[2021-12-16 23:40:35.623155]:29番目の求人を正常に取得しました。
[2021-12-16 23:40:35.638816]:30番目の求人を正常に取得しました。
[2021-12-16 23:40:35.674342]:31番目の求人を正常に取得しました。
[2021-12-16 23:40:35.690044]:32番目の求人を正常に取得しました。
[2021-12-16 23:40:35.705654]:33番目の求人を正常に取得しました。
[2021-12-16 23:40:35.721348]:34番目の求人を正常に取得しました。
[2021-12-16 23:40:35.752530]:35番目の求人を正常に取得しました。
[2021-12-16 23:40:35.768149]:36番目の求人を正常に取得しました。
[2021-12-16 23:40:35.799396]:37番目の求人を正常に取得しました。
[2021-12-16 23:40:35.815088]:38番目の求人を正常に取得しました。
[2021-12-16 23:40:35.846334]:39番目の求人を正常に取得しました。
[2021-12-16 23:40:35.861897]:40番目の求人を正常に取得しました。
[2021-12-16 23:40:35.877511]:41番目の求人を正常に取得しました。
[2021-12-16 23:40:35.908830]:42番目の求人を正常に取得しました。
[2021-12-16 23:40:35.924459]:43番目の求人を正常に取得しました。
[2021-12-16 23:40:35.955699]:44番目の求人を正常に取得しました。
[2021-12-16 23:40:35.971478]:45番目の求人を正常に取得しました。
[2021-12-16 23:40:36.001826]:46番目の求人を正常に取得しました。
[2021-12-16 23:40:36.024288]:47番目の求人を正常に取得しました。
[2021-12-16 23:40:36.033764]:48番目の求人を正常に取得しました。
[2021-12-16 23:40:41.570585]:49番目の求人を正常に取得しました。
[2021-12-16 23:40:41.590136]:50番目の求人を正常に取得しました。
[2021-12-16 23:40:41.609453]:51番目の求人を正常に取得しました。
[2021-12-16 23:40:41.630140]:52番目の求人を正常に取得しました。
[2021-12-16 23:40:41.649957]:53番目の求人を正常に取得しました。
[2021-12-16 23:40:41.671276]:54番目の求人を正常に取得しました。
[2021-12-16 23:40:41.692394]:55番目の求人を正常に取得しました。
[2021-12-16 23:40:41.715309]:56番目の求人を正常に取得しました。
[2021-12-16 23:40:41.736609]:57番目の求人を正常に取得しました。
[2021-12-16 23:40:41.757160]:58番目の求人を正常に取得しました。
[2021-12-16 23:40:41.777244]:59番目の求人を正常に取得しました。
[2021-12-16 23:40:41.800406]:60番目の求人を正常に取得しました。
[2021-12-16 23:40:41.820033]:61番目の求人を正常に取得しました。
[2021-12-16 23:40:41.840118]:62番目の求人を正常に取得しました。
[2021-12-16 23:40:41.861684]:63番目の求人を正常に取得しました。
[2021-12-16 23:40:41.881313]:64番目の求人を正常に取得しました。
[2021-12-16 23:40:41.900832]:65番目の求人を正常に取得しました。
[2021-12-16 23:40:41.922052]:66番目の求人を正常に取得しました。
[2021-12-16 23:40:41.942631]:67番目の求人を正常に取得しました。
[2021-12-16 23:40:41.965889]:68番目の求人を正常に取得しました。
[2021-12-16 23:40:41.986978]:69番目の求人を正常に取得しました。
[2021-12-16 23:40:42.008152]:70番目の求人を正常に取得しました。
[2021-12-16 23:40:42.027632]:71番目の求人を正常に取得しました。
[2021-12-16 23:40:42.063026]:72番目の求人を正常に取得しました。
[2021-12-16 23:40:42.086428]:73番目の求人を正常に取得しました。
[2021-12-16 23:40:42.189043]:74番目の求人を正常に取得しました。
[2021-12-16 23:40:42.208088]:75番目の求人を正常に取得しました。
[2021-12-16 23:40:42.230287]:76番目の求人を正常に取得しました。
[2021-12-16 23:40:42.251532]:77番目の求人を正常に取得しました。
[2021-12-16 23:40:42.271959]:78番目の求人を正常に取得しました。
[2021-12-16 23:40:42.294821]:79番目の求人を正常に取得しました。
[2021-12-16 23:40:42.319566]:80番目の求人を正常に取得しました。
[2021-12-16 23:40:42.342725]:81番目の求人を正常に取得しました。
[2021-12-16 23:40:42.364059]:82番目の求人を正常に取得しました。
[2021-12-16 23:40:42.386060]:83番目の求人を正常に取得しました。
[2021-12-16 23:40:42.406801]:84番目の求人を正常に取得しました。
[2021-12-16 23:40:42.427258]:85番目の求人を正常に取得しました。
[2021-12-16 23:40:42.450737]:86番目の求人を正常に取得しました。
[2021-12-16 23:40:42.471573]:87番目の求人を正常に取得しました。
[2021-12-16 23:40:42.493599]:88番目の求人を正常に取得しました。
[2021-12-16 23:40:42.515465]:89番目の求人を正常に取得しました。
[2021-12-16 23:40:42.537416]:90番目の求人を正常に取得しました。
[2021-12-16 23:40:42.559815]:91番目の求人を正常に取得しました。
[2021-12-16 23:40:42.582529]:92番目の求人を正常に取得しました。
[2021-12-16 23:40:42.605177]:93番目の求人を正常に取得しました。
[2021-12-16 23:40:42.626905]:94番目の求人を正常に取得しました。
[2021-12-16 23:40:42.647664]:95番目の求人を正常に取得しました。
[2021-12-16 23:40:42.672498]:96番目の求人を正常に取得しました。
[2021-12-16 23:40:42.694109]:97番目の求人を正常に取得しました。
[2021-12-16 23:40:42.717446]:98番目の求人を正常に取得しました。
[2021-12-16 23:40:48.117731]:99番目の求人を正常に取得しました。
[2021-12-16 23:40:48.141114]:100番目の求人を正常に取得しました。
[2021-12-16 23:40:48.168747]:101番目の求人を正常に取得しました。
[2021-12-16 23:40:48.188554]:102番目の求人を正常に取得しました。
[2021-12-16 23:40:48.209196]:103番目の求人を正常に取得しました。
[2021-12-16 23:40:48.235968]:104番目の求人を正常に取得しました。
[2021-12-16 23:40:48.255968]:105番目の求人を正常に取得しました。
[2021-12-16 23:40:48.277028]:106番目の求人を正常に取得しました。
[2021-12-16 23:40:48.300602]:107番目の求人を正常に取得しました。
[2021-12-16 23:40:48.321356]:108番目の求人を正常に取得しました。
[2021-12-16 23:40:48.341792]:109番目の求人を正常に取得しました。
[2021-12-16 23:40:48.362609]:110番目の求人を正常に取得しました。
[2021-12-16 23:40:48.385983]:111番目の求人を正常に取得しました。
[2021-12-16 23:40:48.409580]:112番目の求人を正常に取得しました。
[2021-12-16 23:40:48.430077]:113番目の求人を正常に取得しました。
[2021-12-16 23:40:48.452029]:114番目の求人を正常に取得しました。
[2021-12-16 23:40:48.473522]:115番目の求人を正常に取得しました。
[2021-12-16 23:40:48.496217]:116番目の求人を正常に取得しました。
[2021-12-16 23:40:48.517664]:117番目の求人を正常に取得しました。
[2021-12-16 23:40:48.540662]:118番目の求人を正常に取得しました。
[2021-12-16 23:40:48.564603]:119番目の求人を正常に取得しました。
[2021-12-16 23:40:48.590151]:120番目の求人を正常に取得しました。
[2021-12-16 23:40:48.618902]:121番目の求人を正常に取得しました。
[2021-12-16 23:40:48.642231]:122番目の求人を正常に取得しました。
[2021-12-16 23:40:48.663353]:123番目の求人を正常に取得しました。
[2021-12-16 23:40:48.767210]:124番目の求人を正常に取得しました。
[2021-12-16 23:40:48.789890]:125番目の求人を正常に取得しました。
[2021-12-16 23:40:48.812278]:126番目の求人を正常に取得しました。
[2021-12-16 23:40:48.838036]:127番目の求人を正常に取得しました。
[2021-12-16 23:40:48.859029]:128番目の求人を正常に取得しました。
[2021-12-16 23:40:48.881356]:129番目の求人を正常に取得しました。
[2021-12-16 23:40:48.899088]:130番目の求人を正常に取得しました。
[2021-12-16 23:40:48.914778]:131番目の求人を正常に取得しました。
[2021-12-16 23:40:48.946024]:132番目の求人を正常に取得しました。
[2021-12-16 23:40:48.961658]:133番目の求人を正常に取得しました。
[2021-12-16 23:40:48.977271]:134番目の求人を正常に取得しました。
[2021-12-16 23:40:49.008586]:135番目の求人を正常に取得しました。
[2021-12-16 23:40:49.037864]:136番目の求人を正常に取得しました。
[2021-12-16 23:40:49.059055]:137番目の求人を正常に取得しました。
[2021-12-16 23:40:49.074682]:138番目の求人を正常に取得しました。
[2021-12-16 23:40:49.105925]:139番目の求人を正常に取得しました。
[2021-12-16 23:40:49.121551]:140番目の求人を正常に取得しました。
[2021-12-16 23:40:49.152796]:141番目の求人を正常に取得しました。
[2021-12-16 23:40:49.184204]:142番目の求人を正常に取得しました。
[2021-12-16 23:40:49.199755]:143番目の求人を正常に取得しました。
[2021-12-16 23:40:49.215378]:144番目の求人を正常に取得しました。
[2021-12-16 23:40:49.246696]:145番目の求人を正常に取得しました。
[2021-12-16 23:40:49.277872]:146番目の求人を正常に取得しました。
[2021-12-16 23:40:49.309299]:147番目の求人を正常に取得しました。
[2021-12-16 23:40:49.324964]:148番目の求人を正常に取得しました。
[2021-12-16 23:40:54.123121]:149番目の求人を正常に取得しました。
[2021-12-16 23:40:54.143972]:150番目の求人を正常に取得しました。
[2021-12-16 23:40:54.164394]:151番目の求人を正常に取得しました。
[2021-12-16 23:40:54.187471]:152番目の求人を正常に取得しました。
[2021-12-16 23:40:54.208904]:153番目の求人を正常に取得しました。
[2021-12-16 23:40:54.230620]:154番目の求人を正常に取得しました。
[2021-12-16 23:40:54.255096]:155番目の求人を正常に取得しました。
[2021-12-16 23:40:54.273287]:156番目の求人を正常に取得しました。
[2021-12-16 23:40:54.298306]:157番目の求人を正常に取得しました。
[2021-12-16 23:40:54.319630]:158番目の求人を正常に取得しました。
[2021-12-16 23:40:54.340259]:159番目の求人を正常に取得しました。
[2021-12-16 23:40:54.361176]:160番目の求人を正常に取得しました。
[2021-12-16 23:40:54.382673]:161番目の求人を正常に取得しました。
[2021-12-16 23:40:54.402554]:162番目の求人を正常に取得しました。
[2021-12-16 23:40:54.426504]:163番目の求人を正常に取得しました。
[2021-12-16 23:40:54.450264]:164番目の求人を正常に取得しました。
[2021-12-16 23:40:54.474018]:165番目の求人を正常に取得しました。
[2021-12-16 23:40:54.493978]:166番目の求人を正常に取得しました。
[2021-12-16 23:40:54.515396]:167番目の求人を正常に取得しました。
[2021-12-16 23:40:54.536995]:168番目の求人を正常に取得しました。
[2021-12-16 23:40:54.560645]:169番目の求人を正常に取得しました。
[2021-12-16 23:40:54.582868]:170番目の求人を正常に取得しました。
[2021-12-16 23:40:54.614442]:171番目の求人を正常に取得しました。
[2021-12-16 23:40:54.635669]:172番目の求人を正常に取得しました。
[2021-12-16 23:40:54.657561]:173番目の求人を正常に取得しました。
[2021-12-16 23:40:54.678557]:174番目の求人を正常に取得しました。
[2021-12-16 23:40:54.699528]:175番目の求人を正常に取得しました。
[2021-12-16 23:40:54.804520]:176番目の求人を正常に取得しました。
[2021-12-16 23:40:54.826931]:177番目の求人を正常に取得しました。
[2021-12-16 23:40:54.846919]:178番目の求人を正常に取得しました。
[2021-12-16 23:40:54.867918]:179番目の求人を正常に取得しました。
[2021-12-16 23:40:54.887920]:180番目の求人を正常に取得しました。
[2021-12-16 23:40:54.908532]:181番目の求人を正常に取得しました。
[2021-12-16 23:40:54.924164]:182番目の求人を正常に取得しました。
[2021-12-16 23:40:54.955486]:183番目の求人を正常に取得しました。
[2021-12-16 23:40:54.971077]:184番目の求人を正常に取得しました。
[2021-12-16 23:40:54.986649]:185番目の求人を正常に取得しました。
[2021-12-16 23:40:55.026363]:186番目の求人を正常に取得しました。
[2021-12-16 23:40:55.043796]:187番目の求人を正常に取得しました。
[2021-12-16 23:40:55.075511]:188番目の求人を正常に取得しました。
[2021-12-16 23:40:55.091212]:189番目の求人を正常に取得しました。
[2021-12-16 23:40:55.122462]:190番目の求人を正常に取得しました。
[2021-12-16 23:40:55.138141]:191番目の求人を正常に取得しました。
[2021-12-16 23:40:55.169761]:192番目の求人を正常に取得しました。
[2021-12-16 23:40:55.185442]:193番目の求人を正常に取得しました。
[2021-12-16 23:40:55.216759]:194番目の求人を正常に取得しました。
[2021-12-16 23:40:55.232349]:195番目の求人を正常に取得しました。
[2021-12-16 23:40:55.263663]:196番目の求人を正常に取得しました。
[2021-12-16 23:40:55.295111]:197番目の求人を正常に取得しました。
[2021-12-16 23:40:55.310665]:198番目の求人を正常に取得しました。
[2021-12-16 23:41:00.277451]:199番目の求人を正常に取得しました。
[2021-12-16 23:41:00.298701]:200番目の求人を正常に取得しました。
[2021-12-16 23:41:00.320498]:201番目の求人を正常に取得しました。
[2021-12-16 23:41:00.342819]:202番目の求人を正常に取得しました。
[2021-12-16 23:41:00.365511]:203番目の求人を正常に取得しました。
[2021-12-16 23:41:00.386517]:204番目の求人を正常に取得しました。
[2021-12-16 23:41:00.406380]:205番目の求人を正常に取得しました。
[2021-12-16 23:41:00.427473]:206番目の求人を正常に取得しました。
[2021-12-16 23:41:00.452996]:207番目の求人を正常に取得しました。
[2021-12-16 23:41:00.475525]:208番目の求人を正常に取得しました。
[2021-12-16 23:41:00.496399]:209番目の求人を正常に取得しました。
[2021-12-16 23:41:00.520452]:210番目の求人を正常に取得しました。
[2021-12-16 23:41:00.544376]:211番目の求人を正常に取得しました。
[2021-12-16 23:41:00.567411]:212番目の求人を正常に取得しました。
[2021-12-16 23:41:00.588542]:213番目の求人を正常に取得しました。
[2021-12-16 23:41:00.610400]:214番目の求人を正常に取得しました。
[2021-12-16 23:41:00.633602]:215番目の求人を正常に取得しました。
[2021-12-16 23:41:00.655210]:216番目の求人を正常に取得しました。
[2021-12-16 23:41:00.677577]:217番目の求人を正常に取得しました。
[2021-12-16 23:41:00.700094]:218番目の求人を正常に取得しました。
[2021-12-16 23:41:00.721464]:219番目の求人を正常に取得しました。
[2021-12-16 23:41:00.748842]:220番目の求人を正常に取得しました。
[2021-12-16 23:41:00.773881]:221番目の求人を正常に取得しました。
[2021-12-16 23:41:00.793913]:222番目の求人を正常に取得しました。
[2021-12-16 23:41:00.899101]:223番目の求人を正常に取得しました。
[2021-12-16 23:41:00.921281]:224番目の求人を正常に取得しました。
[2021-12-16 23:41:00.942634]:225番目の求人を正常に取得しました。
[2021-12-16 23:41:00.962187]:226番目の求人を正常に取得しました。
[2021-12-16 23:41:00.978041]:227番目の求人を正常に取得しました。
[2021-12-16 23:41:01.009272]:228番目の求人を正常に取得しました。
[2021-12-16 23:41:01.024862]:229番目の求人を正常に取得しました。
[2021-12-16 23:41:01.056826]:230番目の求人を正常に取得しました。
[2021-12-16 23:41:01.088142]:231番目の求人を正常に取得しました。
[2021-12-16 23:41:01.113823]:232番目の求人を正常に取得しました。
[2021-12-16 23:41:01.136408]:233番目の求人を正常に取得しました。
[2021-12-16 23:41:01.159284]:234番目の求人を正常に取得しました。
[2021-12-16 23:41:01.174942]:235番目の求人を正常に取得しました。
[2021-12-16 23:41:01.206121]:236番目の求人を正常に取得しました。
[2021-12-16 23:41:01.221745]:237番目の求人を正常に取得しました。
[2021-12-16 23:41:01.256614]:238番目の求人を正常に取得しました。
[2021-12-16 23:41:01.268401]:239番目の求人を正常に取得しました。
[2021-12-16 23:41:01.299658]:240番目の求人を正常に取得しました。
[2021-12-16 23:41:01.315543]:241番目の求人を正常に取得しました。
[2021-12-16 23:41:01.331190]:242番目の求人を正常に取得しました。
[2021-12-16 23:41:01.362505]:243番目の求人を正常に取得しました。
[2021-12-16 23:41:01.378062]:244番目の求人を正常に取得しました。
[2021-12-16 23:41:01.409306]:245番目の求人を正常に取得しました。
[2021-12-16 23:41:01.424931]:246番目の求人を正常に取得しました。
[2021-12-16 23:41:01.456245]:247番目の求人を正常に取得しました。
[2021-12-16 23:41:01.471799]:248番目の求人を正常に取得しました。
[2021-12-16 23:41:05.110487]:249番目の求人を正常に取得しました。
[2021-12-16 23:41:05.134048]:250番目の求人を正常に取得しました。
[2021-12-16 23:41:05.161106]:251番目の求人を正常に取得しました。
[2021-12-16 23:41:05.183636]:252番目の求人を正常に取得しました。
[2021-12-16 23:41:05.205084]:253番目の求人を正常に取得しました。
[2021-12-16 23:41:05.236231]:254番目の求人を正常に取得しました。
[2021-12-16 23:41:06.866596]:255番目の求人を正常に取得しました。
[2021-12-16 23:41:06.956563]:256番目の求人を正常に取得しました。
[2021-12-16 23:41:07.034471]:257番目の求人を正常に取得しました。
[2021-12-16 23:41:07.054367]:258番目の求人を正常に取得しました。
[2021-12-16 23:41:07.075182]:259番目の求人を正常に取得しました。
[2021-12-16 23:41:07.095266]:260番目の求人を正常に取得しました。
[2021-12-16 23:41:07.117012]:261番目の求人を正常に取得しました。
[2021-12-16 23:41:07.139800]:262番目の求人を正常に取得しました。
[2021-12-16 23:41:07.165008]:263番目の求人を正常に取得しました。
[2021-12-16 23:41:07.188065]:264番目の求人を正常に取得しました。
[2021-12-16 23:41:07.207368]:265番目の求人を正常に取得しました。
[2021-12-16 23:41:07.227533]:266番目の求人を正常に取得しました。
[2021-12-16 23:41:07.243405]:267番目の求人を正常に取得しました。
[2021-12-16 23:41:07.275011]:268番目の求人を正常に取得しました。
[2021-12-16 23:41:07.290614]:269番目の求人を正常に取得しました。
[2021-12-16 23:41:07.318388]:270番目の求人を正常に取得しました。
[2021-12-16 23:41:07.326844]:271番目の求人を正常に取得しました。
[2021-12-16 23:41:07.358185]:272番目の求人を正常に取得しました。
[2021-12-16 23:41:07.373809]:273番目の求人を正常に取得しました。
[2021-12-16 23:41:07.409855]:274番目の求人を正常に取得しました。
[2021-12-16 23:41:07.427225]:275番目の求人を正常に取得しました。
[2021-12-16 23:41:07.442889]:276番目の求人を正常に取得しました。
[2021-12-16 23:41:07.458514]:277番目の求人を正常に取得しました。
[2021-12-16 23:41:07.489759]:278番目の求人を正常に取得しました。
[2021-12-16 23:41:07.521007]:279番目の求人を正常に取得しました。
[2021-12-16 23:41:07.536630]:280番目の求人を正常に取得しました。
[2021-12-16 23:41:07.567877]:281番目の求人を正常に取得しました。
[2021-12-16 23:41:07.599122]:282番目の求人を正常に取得しました。
[2021-12-16 23:41:07.614747]:283番目の求人を正常に取得しました。
[2021-12-16 23:41:07.645994]:284番目の求人を正常に取得しました。
[2021-12-16 23:41:07.677240]:285番目の求人を正常に取得しました。
[2021-12-16 23:41:07.708560]:286番目の求人を正常に取得しました。
[2021-12-16 23:41:07.730643]:287番目の求人を正常に取得しました。
[2021-12-16 23:41:07.744509]:288番目の求人を正常に取得しました。
[2021-12-16 23:41:07.770801]:289番目の求人を正常に取得しました。
[2021-12-16 23:41:07.792093]:290番目の求人を正常に取得しました。
[2021-12-16 23:41:07.807729]:291番目の求人を正常に取得しました。
[2021-12-16 23:41:07.838971]:292番目の求人を正常に取得しました。
[2021-12-16 23:41:07.870216]:293番目の求人を正常に取得しました。
[2021-12-16 23:41:07.886016]:294番目の求人を正常に取得しました。
[2021-12-16 23:41:07.917530]:295番目の求人を正常に取得しました。
[2021-12-16 23:41:07.933220]:296番目の求人を正常に取得しました。
[2021-12-16 23:41:07.964411]:297番目の求人を正常に取得しました。
[2021-12-16 23:41:07.980027]:298番目の求人を正常に取得しました。
[2021-12-16 23:41:11.487098]:299番目の求人を正常に取得しました。
[2021-12-16 23:41:11.509398]:300番目の求人を正常に取得しました。
[2021-12-16 23:41:11.532146]:301番目の求人を正常に取得しました。
[2021-12-16 23:41:11.552234]:302番目の求人を正常に取得しました。
[2021-12-16 23:41:11.575762]:303番目の求人を正常に取得しました。
[2021-12-16 23:41:11.597115]:304番目の求人を正常に取得しました。
[2021-12-16 23:41:11.618333]:305番目の求人を正常に取得しました。
[2021-12-16 23:41:13.258268]:306番目の求人を正常に取得しました。
[2021-12-16 23:41:13.413403]:307番目の求人を正常に取得しました。
[2021-12-16 23:41:13.434801]:308番目の求人を正常に取得しました。
[2021-12-16 23:41:13.458184]:309番目の求人を正常に取得しました。
[2021-12-16 23:41:13.482010]:310番目の求人を正常に取得しました。
[2021-12-16 23:41:13.502581]:311番目の求人を正常に取得しました。
[2021-12-16 23:41:13.524365]:312番目の求人を正常に取得しました。
[2021-12-16 23:41:13.545406]:313番目の求人を正常に取得しました。
[2021-12-16 23:41:13.565561]:314番目の求人を正常に取得しました。
[2021-12-16 23:41:13.585337]:315番目の求人を正常に取得しました。
[2021-12-16 23:41:13.605808]:316番目の求人を正常に取得しました。
[2021-12-16 23:41:13.625598]:317番目の求人を正常に取得しました。
[2021-12-16 23:41:13.641234]:318番目の求人を正常に取得しました。
[2021-12-16 23:41:13.656845]:319番目の求人を正常に取得しました。
[2021-12-16 23:41:13.688092]:320番目の求人を正常に取得しました。
[2021-12-16 23:41:13.703716]:321番目の求人を正常に取得しました。
[2021-12-16 23:41:13.735032]:322番目の求人を正常に取得しました。
[2021-12-16 23:41:13.763297]:323番目の求人を正常に取得しました。
[2021-12-16 23:41:13.785159]:324番目の求人を正常に取得しました。
[2021-12-16 23:41:13.792643]:325番目の求人を正常に取得しました。
[2021-12-16 23:41:13.824510]:326番目の求人を正常に取得しました。
[2021-12-16 23:41:13.857661]:327番目の求人を正常に取得しました。
[2021-12-16 23:41:13.874733]:328番目の求人を正常に取得しました。
[2021-12-16 23:41:13.905980]:329番目の求人を正常に取得しました。
[2021-12-16 23:41:13.921603]:330番目の求人を正常に取得しました。
[2021-12-16 23:41:13.952849]:331番目の求人を正常に取得しました。
[2021-12-16 23:41:13.968542]:332番目の求人を正常に取得しました。
[2021-12-16 23:41:13.999719]:333番目の求人を正常に取得しました。
[2021-12-16 23:41:14.033573]:334番目の求人を正常に取得しました。
[2021-12-16 23:41:14.049125]:335番目の求人を正常に取得しました。
[2021-12-16 23:41:14.081031]:336番目の求人を正常に取得しました。
[2021-12-16 23:41:14.107969]:337番目の求人を正常に取得しました。
[2021-12-16 23:41:14.124580]:338番目の求人を正常に取得しました。
[2021-12-16 23:41:14.140194]:339番目の求人を正常に取得しました。
[2021-12-16 23:41:14.155886]:340番目の求人を正常に取得しました。
[2021-12-16 23:41:14.187132]:341番目の求人を正常に取得しました。
[2021-12-16 23:41:14.204160]:342番目の求人を正常に取得しました。
[2021-12-16 23:41:14.235554]:343番目の求人を正常に取得しました。
[2021-12-16 23:41:14.251177]:344番目の求人を正常に取得しました。
[2021-12-16 23:41:14.283055]:345番目の求人を正常に取得しました。
[2021-12-16 23:41:14.314394]:346番目の求人を正常に取得しました。
[2021-12-16 23:41:14.330173]:347番目の求人を正常に取得しました。
[2021-12-16 23:41:14.361352]:348番目の求人を正常に取得しました。
[2021-12-16 23:41:17.683185]:349番目の求人を正常に取得しました。
[2021-12-16 23:41:17.705594]:350番目の求人を正常に取得しました。
[2021-12-16 23:41:17.728239]:351番目の求人を正常に取得しました。
[2021-12-16 23:41:17.749432]:352番目の求人を正常に取得しました。
[2021-12-16 23:41:17.772847]:353番目の求人を正常に取得しました。
[2021-12-16 23:41:17.799861]:354番目の求人を正常に取得しました。
[2021-12-16 23:41:17.818084]:355番目の求人を正常に取得しました。
[2021-12-16 23:41:19.436022]:356番目の求人を正常に取得しました。
[2021-12-16 23:41:19.501867]:357番目の求人を正常に取得しました。
[2021-12-16 23:41:19.521501]:358番目の求人を正常に取得しました。
[2021-12-16 23:41:19.604185]:359番目の求人を正常に取得しました。
[2021-12-16 23:41:19.623935]:360番目の求人を正常に取得しました。
[2021-12-16 23:41:19.645669]:361番目の求人を正常に取得しました。
[2021-12-16 23:41:19.666034]:362番目の求人を正常に取得しました。
[2021-12-16 23:41:19.685027]:363番目の求人を正常に取得しました。
[2021-12-16 23:41:19.705990]:364番目の求人を正常に取得しました。
[2021-12-16 23:41:19.727053]:365番目の求人を正常に取得しました。
[2021-12-16 23:41:19.747204]:366番目の求人を正常に取得しました。
[2021-12-16 23:41:19.768163]:367番目の求人を正常に取得しました。
[2021-12-16 23:41:19.790149]:368番目の求人を正常に取得しました。
[2021-12-16 23:41:19.809769]:369番目の求人を正常に取得しました。
[2021-12-16 23:41:19.825346]:370番目の求人を正常に取得しました。
[2021-12-16 23:41:19.840988]:371番目の求人を正常に取得しました。
[2021-12-16 23:41:19.872227]:372番目の求人を正常に取得しました。
[2021-12-16 23:41:19.887840]:373番目の求人を正常に取得しました。
[2021-12-16 23:41:19.919087]:374番目の求人を正常に取得しました。
[2021-12-16 23:41:19.934711]:375番目の求人を正常に取得しました。
[2021-12-16 23:41:19.956653]:376番目の求人を正常に取得しました。
[2021-12-16 23:41:19.973014]:377番目の求人を正常に取得しました。
[2021-12-16 23:41:20.008120]:378番目の求人を正常に取得しました。
[2021-12-16 23:41:20.027087]:379番目の求人を正常に取得しました。
[2021-12-16 23:41:20.052329]:380番目の求人を正常に取得しました。
[2021-12-16 23:41:20.058350]:381番目の求人を正常に取得しました。
[2021-12-16 23:41:20.089872]:382番目の求人を正常に取得しました。
[2021-12-16 23:41:20.106080]:383番目の求人を正常に取得しました。
[2021-12-16 23:41:20.123626]:384番目の求人を正常に取得しました。
[2021-12-16 23:41:20.139331]:385番目の求人を正常に取得しました。
[2021-12-16 23:41:20.170576]:386番目の求人を正常に取得しました。
[2021-12-16 23:41:20.186198]:387番目の求人を正常に取得しました。
[2021-12-16 23:41:20.217436]:388番目の求人を正常に取得しました。
[2021-12-16 23:41:20.233069]:389番目の求人を正常に取得しました。
[2021-12-16 23:41:20.248694]:390番目の求人を正常に取得しました。
[2021-12-16 23:41:20.277448]:391番目の求人を正常に取得しました。
[2021-12-16 23:41:20.310126]:392番目の求人を正常に取得しました。
[2021-12-16 23:41:20.327009]:393番目の求人を正常に取得しました。
[2021-12-16 23:41:20.358258]:394番目の求人を正常に取得しました。
[2021-12-16 23:41:20.373893]:395番目の求人を正常に取得しました。
[2021-12-16 23:41:20.398682]:396番目の求人を正常に取得しました。
[2021-12-16 23:41:20.429947]:397番目の求人を正常に取得しました。
[2021-12-16 23:41:20.454187]:398番目の求人を正常に取得しました。
[2021-12-16 23:41:23.469412]:399番目の求人を正常に取得しました。
[2021-12-16 23:41:23.494939]:400番目の求人を正常に取得しました。
[2021-12-16 23:41:23.519990]:401番目の求人を正常に取得しました。
[2021-12-16 23:41:23.544919]:402番目の求人を正常に取得しました。
[2021-12-16 23:41:23.565997]:403番目の求人を正常に取得しました。
[2021-12-16 23:41:23.584746]:404番目の求人を正常に取得しました。
[2021-12-16 23:41:23.603835]:405番目の求人を正常に取得しました。
[2021-12-16 23:41:23.624383]:406番目の求人を正常に取得しました。
[2021-12-16 23:41:23.645795]:407番目の求人を正常に取得しました。
[2021-12-16 23:41:25.280862]:408番目の求人を正常に取得しました。
[2021-12-16 23:41:25.354209]:409番目の求人を正常に取得しました。
[2021-12-16 23:41:25.442512]:410番目の求人を正常に取得しました。
[2021-12-16 23:41:25.465932]:411番目の求人を正常に取得しました。
[2021-12-16 23:41:25.490761]:412番目の求人を正常に取得しました。
[2021-12-16 23:41:25.512830]:413番目の求人を正常に取得しました。
[2021-12-16 23:41:25.534905]:414番目の求人を正常に取得しました。
[2021-12-16 23:41:25.557345]:415番目の求人を正常に取得しました。
[2021-12-16 23:41:25.579990]:416番目の求人を正常に取得しました。
[2021-12-16 23:41:25.601878]:417番目の求人を正常に取得しました。
[2021-12-16 23:41:25.622015]:418番目の求人を正常に取得しました。
[2021-12-16 23:41:25.643234]:419番目の求人を正常に取得しました。
[2021-12-16 23:41:25.665216]:420番目の求人を正常に取得しました。
[2021-12-16 23:41:25.686556]:421番目の求人を正常に取得しました。
[2021-12-16 23:41:25.707696]:422番目の求人を正常に取得しました。
[2021-12-16 23:41:25.733074]:423番目の求人を正常に取得しました。
[2021-12-16 23:41:25.755362]:424番目の求人を正常に取得しました。
[2021-12-16 23:41:25.776176]:425番目の求人を正常に取得しました。
[2021-12-16 23:41:25.792600]:426番目の求人を正常に取得しました。
[2021-12-16 23:41:25.823846]:427番目の求人を正常に取得しました。
[2021-12-16 23:41:25.839539]:428番目の求人を正常に取得しました。
[2021-12-16 23:41:25.876557]:429番目の求人を正常に取得しました。
[2021-12-16 23:41:25.887192]:430番目の求人を正常に取得しました。
[2021-12-16 23:41:25.918731]:431番目の求人を正常に取得しました。
[2021-12-16 23:41:25.934364]:432番目の求人を正常に取得しました。
[2021-12-16 23:41:25.967981]:433番目の求人を正常に取得しました。
[2021-12-16 23:41:25.991891]:434番目の求人を正常に取得しました。
[2021-12-16 23:41:26.008657]:435番目の求人を正常に取得しました。
[2021-12-16 23:41:26.039897]:436番目の求人を正常に取得しました。
[2021-12-16 23:41:26.055567]:437番目の求人を正常に取得しました。
[2021-12-16 23:41:26.086765]:438番目の求人を正常に取得しました。
[2021-12-16 23:41:26.102355]:439番目の求人を正常に取得しました。
[2021-12-16 23:41:26.135573]:440番目の求人を正常に取得しました。
[2021-12-16 23:41:26.157621]:441番目の求人を正常に取得しました。
[2021-12-16 23:41:26.173313]:442番目の求人を正常に取得しました。
[2021-12-16 23:41:26.211528]:443番目の求人を正常に取得しました。
[2021-12-16 23:41:26.230034]:444番目の求人を正常に取得しました。
[2021-12-16 23:41:26.245712]:445番目の求人を正常に取得しました。
[2021-12-16 23:41:26.261353]:446番目の求人を正常に取得しました。
[2021-12-16 23:41:26.284659]:447番目の求人を正常に取得しました。
[2021-12-16 23:41:26.315940]:448番目の求人を正常に取得しました。
[2021-12-16 23:41:31.474696]:449番目の求人を正常に取得しました。
[2021-12-16 23:41:31.495680]:450番目の求人を正常に取得しました。
[2021-12-16 23:41:31.515998]:451番目の求人を正常に取得しました。
[2021-12-16 23:41:31.536334]:452番目の求人を正常に取得しました。
[2021-12-16 23:41:31.559393]:453番目の求人を正常に取得しました。
[2021-12-16 23:41:31.586777]:454番目の求人を正常に取得しました。
[2021-12-16 23:41:31.609456]:455番目の求人を正常に取得しました。
[2021-12-16 23:41:31.633455]:456番目の求人を正常に取得しました。
[2021-12-16 23:41:31.654941]:457番目の求人を正常に取得しました。
[2021-12-16 23:41:31.675968]:458番目の求人を正常に取得しました。
[2021-12-16 23:41:31.705291]:459番目の求人を正常に取得しました。
[2021-12-16 23:41:31.727309]:460番目の求人を正常に取得しました。
[2021-12-16 23:41:31.748429]:461番目の求人を正常に取得しました。
[2021-12-16 23:41:31.768413]:462番目の求人を正常に取得しました。
[2021-12-16 23:41:31.790871]:463番目の求人を正常に取得しました。
[2021-12-16 23:41:31.811199]:464番目の求人を正常に取得しました。
[2021-12-16 23:41:31.831297]:465番目の求人を正常に取得しました。
[2021-12-16 23:41:31.852659]:466番目の求人を正常に取得しました。
[2021-12-16 23:41:31.873226]:467番目の求人を正常に取得しました。
[2021-12-16 23:41:31.895141]:468番目の求人を正常に取得しました。
[2021-12-16 23:41:31.915910]:469番目の求人を正常に取得しました。
[2021-12-16 23:41:31.937551]:470番目の求人を正常に取得しました。
[2021-12-16 23:41:31.968388]:471番目の求人を正常に取得しました。
[2021-12-16 23:41:31.991034]:472番目の求人を正常に取得しました。
[2021-12-16 23:41:32.065980]:473番目の求人を正常に取得しました。
[2021-12-16 23:41:32.089042]:474番目の求人を正常に取得しました。
[2021-12-16 23:41:32.111553]:475番目の求人を正常に取得しました。
[2021-12-16 23:41:32.134270]:476番目の求人を正常に取得しました。
[2021-12-16 23:41:32.157054]:477番目の求人を正常に取得しました。
[2021-12-16 23:41:32.178587]:478番目の求人を正常に取得しました。
[2021-12-16 23:41:32.200873]:479番目の求人を正常に取得しました。
[2021-12-16 23:41:32.222939]:480番目の求人を正常に取得しました。
[2021-12-16 23:41:32.247791]:481番目の求人を正常に取得しました。
[2021-12-16 23:41:32.269250]:482番目の求人を正常に取得しました。
[2021-12-16 23:41:32.276026]:483番目の求人を正常に取得しました。
[2021-12-16 23:41:32.307383]:484番目の求人を正常に取得しました。
[2021-12-16 23:41:32.330837]:485番目の求人を正常に取得しました。
[2021-12-16 23:41:32.360760]:486番目の求人を正常に取得しました。
[2021-12-16 23:41:32.383064]:487番目の求人を正常に取得しました。
[2021-12-16 23:41:32.398986]:488番目の求人を正常に取得しました。
[2021-12-16 23:41:32.430533]:489番目の求人を正常に取得しました。
[2021-12-16 23:41:32.454629]:490番目の求人を正常に取得しました。
[2021-12-16 23:41:32.475280]:491番目の求人を正常に取得しました。
[2021-12-16 23:41:32.492319]:492番目の求人を正常に取得しました。
[2021-12-16 23:41:32.523571]:493番目の求人を正常に取得しました。
[2021-12-16 23:41:32.554888]:494番目の求人を正常に取得しました。
[2021-12-16 23:41:32.570515]:495番目の求人を正常に取得しました。
[2021-12-16 23:41:32.601759]:496番目の求人を正常に取得しました。
[2021-12-16 23:41:32.617313]:497番目の求人を正常に取得しました。
[2021-12-16 23:41:32.648562]:498番目の求人を正常に取得しました。
[2021-12-16 23:41:35.732620]:499番目の求人を正常に取得しました。
[2021-12-16 23:41:35.755297]:500番目の求人を正常に取得しました。
[2021-12-16 23:41:35.777720]:501番目の求人を正常に取得しました。
[2021-12-16 23:41:35.798887]:502番目の求人を正常に取得しました。
[2021-12-16 23:41:35.818953]:503番目の求人を正常に取得しました。
[2021-12-16 23:41:35.843955]:504番目の求人を正常に取得しました。
[2021-12-16 23:41:35.864944]:505番目の求人を正常に取得しました。
[2021-12-16 23:41:37.259733]:506番目の求人を正常に取得しました。
[2021-12-16 23:41:37.571271]:507番目の求人を正常に取得しました。
[2021-12-16 23:41:37.642251]:508番目の求人を正常に取得しました。
[2021-12-16 23:41:37.665326]:509番目の求人を正常に取得しました。
[2021-12-16 23:41:37.687324]:510番目の求人を正常に取得しました。
[2021-12-16 23:41:37.710321]:511番目の求人を正常に取得しました。
[2021-12-16 23:41:37.732679]:512番目の求人を正常に取得しました。
[2021-12-16 23:41:37.756172]:513番目の求人を正常に取得しました。
[2021-12-16 23:41:37.780294]:514番目の求人を正常に取得しました。
[2021-12-16 23:41:37.801428]:515番目の求人を正常に取得しました。
[2021-12-16 23:41:37.822484]:516番目の求人を正常に取得しました。
[2021-12-16 23:41:37.841992]:517番目の求人を正常に取得しました。
[2021-12-16 23:41:37.858079]:518番目の求人を正常に取得しました。
[2021-12-16 23:41:37.873729]:519番目の求人を正常に取得しました。
[2021-12-16 23:41:37.904970]:520番目の求人を正常に取得しました。
[2021-12-16 23:41:37.920592]:521番目の求人を正常に取得しました。
[2021-12-16 23:41:37.951840]:522番目の求人を正常に取得しました。
[2021-12-16 23:41:37.967531]:523番目の求人を正常に取得しました。
[2021-12-16 23:41:37.999141]:524番目の求人を正常に取得しました。
[2021-12-16 23:41:38.022035]:525番目の求人を正常に取得しました。
[2021-12-16 23:41:38.042658]:526番目の求人を正常に取得しました。
[2021-12-16 23:41:38.058483]:527番目の求人を正常に取得しました。
[2021-12-16 23:41:38.089713]:528番目の求人を正常に取得しました。
[2021-12-16 23:41:38.105418]:529番目の求人を正常に取得しました。
[2021-12-16 23:41:38.136584]:530番目の求人を正常に取得しました。
[2021-12-16 23:41:38.167830]:531番目の求人を正常に取得しました。
[2021-12-16 23:41:38.183527]:532番目の求人を正常に取得しました。
[2021-12-16 23:41:38.214700]:533番目の求人を正常に取得しました。
[2021-12-16 23:41:38.230340]:534番目の求人を正常に取得しました。
[2021-12-16 23:41:38.261570]:535番目の求人を正常に取得しました。
[2021-12-16 23:41:38.277193]:536番目の求人を正常に取得しました。
[2021-12-16 23:41:38.308440]:537番目の求人を正常に取得しました。
[2021-12-16 23:41:38.334285]:538番目の求人を正常に取得しました。
[2021-12-16 23:41:38.341691]:539番目の求人を正常に取得しました。
[2021-12-16 23:41:38.372940]:540番目の求人を正常に取得しました。
[2021-12-16 23:41:38.388563]:541番目の求人を正常に取得しました。
[2021-12-16 23:41:38.419895]:542番目の求人を正常に取得しました。
[2021-12-16 23:41:38.435506]:543番目の求人を正常に取得しました。
[2021-12-16 23:41:38.466759]:544番目の求人を正常に取得しました。
[2021-12-16 23:41:38.482302]:545番目の求人を正常に取得しました。
[2021-12-16 23:41:38.498814]:546番目の求人を正常に取得しました。
[2021-12-16 23:41:38.530066]:547番目の求人を正常に取得しました。
[2021-12-16 23:41:38.545760]:548番目の求人を正常に取得しました。
[2021-12-16 23:41:40.999546]:549番目の求人を正常に取得しました。
[2021-12-16 23:41:41.020030]:550番目の求人を正常に取得しました。
[2021-12-16 23:41:41.040347]:551番目の求人を正常に取得しました。
[2021-12-16 23:41:41.059948]:552番目の求人を正常に取得しました。
[2021-12-16 23:41:41.079198]:553番目の求人を正常に取得しました。
[2021-12-16 23:41:41.104827]:554番目の求人を正常に取得しました。
[2021-12-16 23:41:41.797718]:555番目の求人を正常に取得しました。
[2021-12-16 23:41:42.285416]:556番目の求人を正常に取得しました。
[2021-12-16 23:41:42.367980]:557番目の求人を正常に取得しました。
[2021-12-16 23:41:42.388166]:558番目の求人を正常に取得しました。
[2021-12-16 23:41:42.408092]:559番目の求人を正常に取得しました。
[2021-12-16 23:41:42.433932]:560番目の求人を正常に取得しました。
[2021-12-16 23:41:42.456204]:561番目の求人を正常に取得しました。
[2021-12-16 23:41:42.478073]:562番目の求人を正常に取得しました。
[2021-12-16 23:41:42.498935]:563番目の求人を正常に取得しました。
[2021-12-16 23:41:42.522358]:564番目の求人を正常に取得しました。
[2021-12-16 23:41:42.541535]:565番目の求人を正常に取得しました。
[2021-12-16 23:41:42.557559]:566番目の求人を正常に取得しました。
[2021-12-16 23:41:42.588232]:567番目の求人を正常に取得しました。
[2021-12-16 23:41:42.608301]:568番目の求人を正常に取得しました。
[2021-12-16 23:41:42.623936]:569番目の求人を正常に取得しました。
[2021-12-16 23:41:42.639548]:570番目の求人を正常に取得しました。
[2021-12-16 23:41:42.670868]:571番目の求人を正常に取得しました。
[2021-12-16 23:41:42.686488]:572番目の求人を正常に取得しました。
[2021-12-16 23:41:42.725867]:573番目の求人を正常に取得しました。
